<?xml version="1.0" encoding="UTF-8"?>
<!-- Generated by org.testng.reporters.JUnitReportReporter -->
<testsuite hostname="lenevo" failures="0" tests="1" name="mavenforjenkins.UITest" time="0.010" errors="0" timestamp="2024-11-08T22:55:04 IST" skipped="0">
  <testcase classname="mavenforjenkins.UITest" name="simpleTest" time="0.010"/>
  <system-out/>
</testsuite> <!-- mavenforjenkins.UITest -->
